<?xml version="1.0" encoding="UTF-8"?>
<testsuite xmlns:xsi="http://www.w3.org/2001/XMLSchema-instance" xsi:noNamespaceSchemaLocation="https://maven.apache.org/surefire/maven-surefire-plugin/xsd/surefire-test-report-3.0.xsd" version="3.0" name="dis.ufv.pokemonRestAPI.pokemonAPI.PokemonApiApplicationTests" time="4.081" tests="1" errors="0" skipped="0" failures="0">
  <properties>
[...]
</properties>
  <testcase name="contextLoads" classname="dis.ufv.pokemonRestAPI.pokemonAPI.PokemonApiApplicationTests" time="1.164">
    <system-out><![CDATA[14:40:07.972 [main] INFO org.springframework.test.context.support.AnnotationConfigContextLoaderUtils -- Could not detect default configuration classes for test class [dis.ufv.pokemonRestAPI.pokemonAPI.PokemonApiApplicationTests]: PokemonApiApplicationTests does not declare any static, non-private, non-final, nested classes annotated with @Configuration.
14:40:08.118 [main] INFO org.springframework.boot.test.context.SpringBootTestContextBootstrapper -- Found @SpringBootConfiguration dis.ufv.pokemonRestAPI.pokemonAPI.PokemonApiApplication for test class dis.ufv.pokemonRestAPI.pokemonAPI.PokemonApiApplicationTests

  .   ____          _            __ _ _
 /\\ / ___'_ __ _ _(_)_ __  __ _ \ \ \ \
( ( )\___ | '_ | '_| | '_ \/ _` | \ \ \ \
 \\/  ___)| |_)| | | | | || (_| |  ) ) ) )
  '  |____| .__|_| |_|_| |_\__, | / / / /
 =========|_|==============|___/=/_/_/_/

 :: Spring Boot ::                (v3.3.7)

2025-01-07T14:40:08.793+01:00  INFO 46876 --- [pokemonAPI] [           main] d.u.p.p.PokemonApiApplicationTests       : Starting PokemonApiApplicationTests using Java 17.0.12 with PID 46876 (started by Usuario in C:\Users\Usuario\Documents\UFV\Semestre 5\DIS\Estudiar\EjercicioPokemon\pokemonAPI\pokemonAPI)
2025-01-07T14:40:08.795+01:00  INFO 46876 --- [pokemonAPI] [           main] d.u.p.p.PokemonApiApplicationTests       : No active profile set, falling back to 1 default profile: "default"
2025-01-07T14:40:10.627+01:00  INFO 46876 --- [pokemonAPI] [           main] d.u.p.p.PokemonApiApplicationTests       : Started PokemonApiApplicationTests in 2.252 seconds (process running for 3.657)
]]></system-out>
  </testcase>
</testsuite>